#
# A fatal error has been detected by the Java Runtime Environment:
#
#  EXCEPTION_ACCESS_VIOLATION (0xc0000005) at pc=0x77c2a503, pid=12796, tid=2140
#
# JRE version: Java(TM) SE Runtime Environment (8.0_73-b02) (build 1.8.0_73-b02)
# Java VM: Java HotSpot(TM) Client VM (25.73-b02 mixed mode windows-x86 )
# Problematic frame:
# C  [ntdll.dll+0x4a503]
#
# Failed to write core dump. Minidumps are not enabled by default on client versions of Windows
#
# If you would like to submit a bug report, please visit:
#   http://bugreport.java.com/bugreport/crash.jsp
# The crash happened outside the Java Virtual Machine in native code.
# See problematic frame for where to report the bug.
#

---------------  T H R E A D  ---------------

Current thread (0x483be400):  JavaThread "Daemon worker Thread 3" [_thread_in_native, id=2140, stack(0x47410000,0x47460000)]

siginfo: ExceptionCode=0xc0000005, reading address 0x000000b6

Registers:
EAX=0x47de158a, EBX=0x00000000, ECX=0x0000005b, EDX=0x00000076
ESP=0x4745d960, EBP=0x4745d980, ESI=0x00000000, EDI=0x000000ec
EIP=0x77c2a503, EFLAGS=0x00010202

Top of Stack: (sp=0x4745d960)
0x4745d960:   00000076 4745dcb8 4745da88 00000000
0x4745d970:   00ee00ec 47de14e0 00000000 00000000
0x4745d980:   4745da20 77c2a387 fe5e8b07 4745dce8
0x4745d990:   00000000 00000208 00000000 00000000
0x4745d9a0:   00000000 00000000 00000104 00000076
0x4745d9b0:   00000000 00000104 00000208 000000ec
0x4745d9c0:   00000000 00000000 00000000 4745dcb8
0x4745d9d0:   014e8438 00000000 4745da53 014f3af0 

Instructions: (pc=0x77c2a503)
0x77c2a4e3:   7c 4b fe 5c 75 04 49 89 4d a4 3b 4d 94 73 09 33
0x77c2a4f3:   c0 66 89 04 4b 8d 24 24 85 c9 74 16 49 89 4d a4
0x77c2a503:   0f b7 04 4b 83 f8 20 74 e6 83 f8 2e 74 e1 41 89
0x77c2a513:   4d a4 8d 14 09 66 89 55 d0 8b 7d 84 85 ff 74 29 


Register to memory mapping:

EAX=0x47de158a is an unknown value
EBX=0x00000000 is an unknown value
ECX=0x0000005b is an unknown value
EDX=0x00000076 is an unknown value
ESP=0x4745d960 is pointing into the stack for thread: 0x483be400
EBP=0x4745d980 is pointing into the stack for thread: 0x483be400
ESI=0x00000000 is an unknown value
EDI=0x000000ec is an unknown value


Stack: [0x47410000,0x47460000],  sp=0x4745d960,  free space=310k
Native frames: (J=compiled Java code, j=interpreted, Vv=VM code, C=native code)
C  [ntdll.dll+0x4a503]
C  [ntdll.dll+0x4a387]
C  [ntdll.dll+0x542c9]
C  [ntdll.dll+0x60e31]
C  [KERNELBASE.dll+0x42190]
C  [java.dll+0x843a]
J 5037 C1 org.gradle.api.internal.file.copy.DeleteActionImpl.doDelete(Ljava/io/File;)V (71 bytes) @ 0x033c48bc [0x033c45e0+0x2dc]
J 5037 C1 org.gradle.api.internal.file.copy.DeleteActionImpl.doDelete(Ljava/io/File;)V (71 bytes) @ 0x033c4654 [0x033c45e0+0x74]
J 5037 C1 org.gradle.api.internal.file.copy.DeleteActionImpl.doDelete(Ljava/io/File;)V (71 bytes) @ 0x033c4654 [0x033c45e0+0x74]
J 5037 C1 org.gradle.api.internal.file.copy.DeleteActionImpl.doDelete(Ljava/io/File;)V (71 bytes) @ 0x033c4654 [0x033c45e0+0x74]
J 5037 C1 org.gradle.api.internal.file.copy.DeleteActionImpl.doDelete(Ljava/io/File;)V (71 bytes) @ 0x033c4654 [0x033c45e0+0x74]
J 5037 C1 org.gradle.api.internal.file.copy.DeleteActionImpl.doDelete(Ljava/io/File;)V (71 bytes) @ 0x033c4654 [0x033c45e0+0x74]
J 5037 C1 org.gradle.api.internal.file.copy.DeleteActionImpl.doDelete(Ljava/io/File;)V (71 bytes) @ 0x033c4654 [0x033c45e0+0x74]
j  org.gradle.api.internal.file.copy.DeleteActionImpl.delete([Ljava/lang/Object;)Z+66
j  org.gradle.api.internal.file.DefaultFileOperations.delete([Ljava/lang/Object;)Z+5
j  org.gradle.api.internal.project.AbstractProject.delete([Ljava/lang/Object;)Z+5
j  org.gradle.api.tasks.Delete.clean()V+16
v  ~StubRoutines::call_stub
V  [jvm.dll+0x158bf5]
V  [jvm.dll+0x21e0be]
V  [jvm.dll+0x158c8e]
V  [jvm.dll+0x165408]
V  [jvm.dll+0x165673]
V  [jvm.dll+0x102393]
C  [java.dll+0x3b26]
J 2622 C1 sun.reflect.NativeMethodAccessorImpl.invoke(Ljava/lang/Object;[Ljava/lang/Object;)Ljava/lang/Object; (104 bytes) @ 0x036368d0 [0x03636640+0x290]
J 331 C1 sun.reflect.DelegatingMethodAccessorImpl.invoke(Ljava/lang/Object;[Ljava/lang/Object;)Ljava/lang/Object; (10 bytes) @ 0x0322fac0 [0x0322fa90+0x30]
J 330 C1 java.lang.reflect.Method.invoke(Ljava/lang/Object;[Ljava/lang/Object;)Ljava/lang/Object; (62 bytes) @ 0x0322f7fc [0x0322f740+0xbc]
J 4693 C1 org.gradle.internal.reflect.JavaMethod.invoke(Ljava/lang/Object;[Ljava/lang/Object;)Ljava/lang/Object; (74 bytes) @ 0x03865520 [0x038654e0+0x40]
j  org.gradle.api.internal.project.taskfactory.AnnotationProcessingTaskFactory$StandardTaskAction.doExecute(Lorg/gradle/api/Task;Ljava/lang/String;)V+17
j  org.gradle.api.internal.project.taskfactory.AnnotationProcessingTaskFactory$StandardTaskAction.execute(Lorg/gradle/api/Task;)V+32
j  org.gradle.api.internal.project.taskfactory.AnnotationProcessingTaskFactory$StandardTaskAction.execute(Ljava/lang/Object;)V+5
j  org.gradle.api.internal.AbstractTask$TaskActionWrapper.execute(Lorg/gradle/api/Task;)V+28
j  org.gradle.api.internal.AbstractTask$TaskActionWrapper.execute(Ljava/lang/Object;)V+5
j  org.gradle.api.internal.tasks.execution.ExecuteActionsTaskExecuter.executeAction(Lorg/gradle/api/internal/TaskInternal;Lorg/gradle/api/internal/tasks/ContextAwareTaskAction;Lorg/gradle/api/internal/tasks/TaskExecutionContext;)V+9
j  org.gradle.api.internal.tasks.execution.ExecuteActionsTaskExecuter.executeActions(Lorg/gradle/api/internal/TaskInternal;Lorg/gradle/api/internal/tasks/TaskStateInternal;Lorg/gradle/api/internal/tasks/TaskExecutionContext;)Lorg/gradle/api/GradleException;+79
j  org.gradle.api.internal.tasks.execution.ExecuteActionsTaskExecuter.execute(Lorg/gradle/api/internal/TaskInternal;Lorg/gradle/api/internal/tasks/TaskStateInternal;Lorg/gradle/api/internal/tasks/TaskExecutionContext;)V+19
j  org.gradle.api.internal.tasks.execution.PostExecutionAnalysisTaskExecuter.execute(Lorg/gradle/api/internal/TaskInternal;Lorg/gradle/api/internal/tasks/TaskStateInternal;Lorg/gradle/api/internal/tasks/TaskExecutionContext;)V+7
j  org.gradle.api.internal.tasks.execution.SkipUpToDateTaskExecuter.execute(Lorg/gradle/api/internal/TaskInternal;Lorg/gradle/api/internal/tasks/TaskStateInternal;Lorg/gradle/api/internal/tasks/TaskExecutionContext;)V+133
j  org.gradle.api.internal.tasks.execution.ValidatingTaskExecuter.execute(Lorg/gradle/api/internal/TaskInternal;Lorg/gradle/api/internal/tasks/TaskStateInternal;Lorg/gradle/api/internal/tasks/TaskExecutionContext;)V+215
j  org.gradle.api.internal.tasks.execution.SkipEmptySourceFilesTaskExecuter.execute(Lorg/gradle/api/internal/TaskInternal;Lorg/gradle/api/internal/tasks/TaskStateInternal;Lorg/gradle/api/internal/tasks/TaskExecutionContext;)V+111
j  org.gradle.api.internal.tasks.execution.SkipTaskWithNoActionsExecuter.execute(Lorg/gradle/api/internal/TaskInternal;Lorg/gradle/api/internal/tasks/TaskStateInternal;Lorg/gradle/api/internal/tasks/TaskExecutionContext;)V+110
j  org.gradle.api.internal.tasks.execution.SkipOnlyIfTaskExecuter.execute(Lorg/gradle/api/internal/TaskInternal;Lorg/gradle/api/internal/tasks/TaskStateInternal;Lorg/gradle/api/internal/tasks/TaskExecutionContext;)V+84
j  org.gradle.api.internal.tasks.execution.ExecuteAtMostOnceTaskExecuter.execute(Lorg/gradle/api/internal/TaskInternal;Lorg/gradle/api/internal/tasks/TaskStateInternal;Lorg/gradle/api/internal/tasks/TaskExecutionContext;)V+26
j  org.gradle.execution.taskgraph.DefaultTaskGraphExecuter$EventFiringTaskWorker.execute(Lorg/gradle/api/internal/TaskInternal;)V+106
j  org.gradle.execution.taskgraph.DefaultTaskGraphExecuter$EventFiringTaskWorker.execute(Ljava/lang/Object;)V+5
j  org.gradle.execution.taskgraph.AbstractTaskPlanExecutor$TaskExecutorWorker.processTask(Lorg/gradle/execution/taskgraph/TaskInfo;)V+8
j  org.gradle.execution.taskgraph.AbstractTaskPlanExecutor$TaskExecutorWorker.run()V+56
j  org.gradle.execution.taskgraph.DefaultTaskPlanExecutor.process(Lorg/gradle/execution/taskgraph/TaskExecutionPlan;Lorg/gradle/api/Action;)V+6
j  org.gradle.execution.taskgraph.DefaultTaskGraphExecuter.execute()V+65
j  org.gradle.execution.SelectedTaskExecutionAction.execute(Lorg/gradle/execution/BuildExecutionContext;)V+55
j  org.gradle.execution.DefaultBuildExecuter.execute(Lorg/gradle/api/internal/GradleInternal;I)V+37
j  org.gradle.execution.DefaultBuildExecuter.access$000(Lorg/gradle/execution/DefaultBuildExecuter;Lorg/gradle/api/internal/GradleInternal;I)V+3
j  org.gradle.execution.DefaultBuildExecuter$1.proceed()V+14
j  org.gradle.execution.DryRunBuildExecutionAction.execute(Lorg/gradle/execution/BuildExecutionContext;)V+68
j  org.gradle.execution.DefaultBuildExecuter.execute(Lorg/gradle/api/internal/GradleInternal;I)V+37
j  org.gradle.execution.DefaultBuildExecuter.execute(Lorg/gradle/api/internal/GradleInternal;)V+3
j  org.gradle.initialization.DefaultGradleLauncher$4.run()V+14
J 5108 C1 org.gradle.internal.Factories$1.create()Ljava/lang/Object; (11 bytes) @ 0x033cb5f8 [0x033cb5d0+0x28]
j  org.gradle.internal.progress.DefaultBuildOperationExecutor.run(Lorg/gradle/internal/progress/BuildOperationDetails;Lorg/gradle/internal/Factory;)Ljava/lang/Object;+171
j  org.gradle.internal.progress.DefaultBuildOperationExecutor.run(Ljava/lang/String;Ljava/lang/Runnable;)V+12
j  org.gradle.initialization.DefaultGradleLauncher.doBuildStages(Lorg/gradle/initialization/DefaultGradleLauncher$Stage;)V+85
j  org.gradle.initialization.DefaultGradleLauncher.access$200(Lorg/gradle/initialization/DefaultGradleLauncher;Lorg/gradle/initialization/DefaultGradleLauncher$Stage;)V+2
j  org.gradle.initialization.DefaultGradleLauncher$1.create()Lorg/gradle/BuildResult;+29
j  org.gradle.initialization.DefaultGradleLauncher$1.create()Ljava/lang/Object;+1
j  org.gradle.internal.progress.DefaultBuildOperationExecutor.run(Lorg/gradle/internal/progress/BuildOperationDetails;Lorg/gradle/internal/Factory;)Ljava/lang/Object;+171
j  org.gradle.internal.progress.DefaultBuildOperationExecutor.run(Ljava/lang/String;Lorg/gradle/internal/Factory;)Ljava/lang/Object;+9
j  org.gradle.initialization.DefaultGradleLauncher.doBuild(Lorg/gradle/initialization/DefaultGradleLauncher$Stage;)Lorg/gradle/BuildResult;+25
j  org.gradle.initialization.DefaultGradleLauncher.run()Lorg/gradle/BuildResult;+4
j  org.gradle.launcher.exec.InProcessBuildActionExecuter$DefaultBuildController.run()Lorg/gradle/api/internal/GradleInternal;+4
j  org.gradle.tooling.internal.provider.runner.BuildModelActionRunner.run(Lorg/gradle/internal/invocation/BuildAction;Lorg/gradle/internal/invocation/BuildController;)V+29
j  org.gradle.launcher.exec.ChainingBuildActionRunner.run(Lorg/gradle/internal/invocation/BuildAction;Lorg/gradle/internal/invocation/BuildController;)V+34
j  org.gradle.tooling.internal.provider.runner.SubscribableBuildActionRunner.run(Lorg/gradle/internal/invocation/BuildAction;Lorg/gradle/internal/invocation/BuildController;)V+37
j  org.gradle.launcher.exec.ChainingBuildActionRunner.run(Lorg/gradle/internal/invocation/BuildAction;Lorg/gradle/internal/invocation/BuildController;)V+34
j  org.gradle.launcher.exec.InProcessBuildActionExecuter.execute(Lorg/gradle/internal/invocation/BuildAction;Lorg/gradle/initialization/BuildRequestContext;Lorg/gradle/launcher/exec/BuildActionParameters;Lorg/gradle/internal/service/ServiceRegistry;)Ljava/lang/Object;+63
j  org.gradle.launcher.exec.InProcessBuildActionExecuter.execute(Lorg/gradle/internal/invocation/BuildAction;Lorg/gradle/initialization/BuildRequestContext;Ljava/lang/Object;Lorg/gradle/internal/service/ServiceRegistry;)Ljava/lang/Object;+9
j  org.gradle.launcher.exec.ContinuousBuildActionExecuter.execute(Lorg/gradle/internal/invocation/BuildAction;Lorg/gradle/initialization/BuildRequestContext;Lorg/gradle/launcher/exec/BuildActionParameters;Lorg/gradle/internal/service/ServiceRegistry;)Ljava/lang/Object;+70
j  org.gradle.launcher.exec.ContinuousBuildActionExecuter.execute(Lorg/gradle/internal/invocation/BuildAction;Lorg/gradle/initialization/BuildRequestContext;Ljava/lang/Object;Lorg/gradle/internal/service/ServiceRegistry;)Ljava/lang/Object;+9
j  org.gradle.launcher.daemon.server.exec.ExecuteBuild.doBuild(Lorg/gradle/launcher/daemon/server/api/DaemonCommandExecution;Lorg/gradle/launcher/daemon/protocol/Build;)V+74
j  org.gradle.launcher.daemon.server.exec.BuildCommandOnly.execute(Lorg/gradle/launcher/daemon/server/api/DaemonCommandExecution;)V+49
j  org.gradle.launcher.daemon.server.api.DaemonCommandExecution.proceed()Z+28
j  org.gradle.launcher.daemon.server.exec.WatchForDisconnection.execute(Lorg/gradle/launcher/daemon/server/api/DaemonCommandExecution;)V+19
j  org.gradle.launcher.daemon.server.api.DaemonCommandExecution.proceed()Z+28
j  org.gradle.launcher.daemon.server.exec.ResetDeprecationLogger.execute(Lorg/gradle/launcher/daemon/server/api/DaemonCommandExecution;)V+4
j  org.gradle.launcher.daemon.server.api.DaemonCommandExecution.proceed()Z+28
j  org.gradle.launcher.daemon.server.exec.RequestStopIfSingleUsedDaemon.execute(Lorg/gradle/launcher/daemon/server/api/DaemonCommandExecution;)V+31
j  org.gradle.launcher.daemon.server.api.DaemonCommandExecution.proceed()Z+28
j  org.gradle.launcher.daemon.server.exec.ForwardClientInput$2.call()Ljava/lang/Void;+4
j  org.gradle.launcher.daemon.server.exec.ForwardClientInput$2.call()Ljava/lang/Object;+1
j  org.gradle.util.Swapper.swap(Ljava/lang/Object;Ljava/util/concurrent/Callable;)Ljava/lang/Object;+21
j  org.gradle.launcher.daemon.server.exec.ForwardClientInput.execute(Lorg/gradle/launcher/daemon/server/api/DaemonCommandExecution;)V+63
j  org.gradle.launcher.daemon.server.api.DaemonCommandExecution.proceed()Z+28
j  org.gradle.launcher.daemon.server.health.DaemonHealthTracker.execute(Lorg/gradle/launcher/daemon/server/api/DaemonCommandExecution;)V+35
j  org.gradle.launcher.daemon.server.api.DaemonCommandExecution.proceed()Z+28
j  org.gradle.launcher.daemon.server.exec.LogToClient.doBuild(Lorg/gradle/launcher/daemon/server/api/DaemonCommandExecution;Lorg/gradle/launcher/daemon/protocol/Build;)V+97
j  org.gradle.launcher.daemon.server.exec.BuildCommandOnly.execute(Lorg/gradle/launcher/daemon/server/api/DaemonCommandExecution;)V+49
j  org.gradle.launcher.daemon.server.api.DaemonCommandExecution.proceed()Z+28
j  org.gradle.launcher.daemon.server.exec.EstablishBuildEnvironment.doBuild(Lorg/gradle/launcher/daemon/server/api/DaemonCommandExecution;Lorg/gradle/launcher/daemon/protocol/Build;)V+279
j  org.gradle.launcher.daemon.server.exec.BuildCommandOnly.execute(Lorg/gradle/launcher/daemon/server/api/DaemonCommandExecution;)V+49
j  org.gradle.launcher.daemon.server.api.DaemonCommandExecution.proceed()Z+28
...<more frames>...

Java frames: (J=compiled Java code, j=interpreted, Vv=VM code)
J 5038  java.io.WinNTFileSystem.delete0(Ljava/io/File;)Z (0 bytes) @ 0x033c42e6 [0x033c4290+0x56]
J 5037 C1 org.gradle.api.internal.file.copy.DeleteActionImpl.doDelete(Ljava/io/File;)V (71 bytes) @ 0x033c48bc [0x033c45e0+0x2dc]
J 5037 C1 org.gradle.api.internal.file.copy.DeleteActionImpl.doDelete(Ljava/io/File;)V (71 bytes) @ 0x033c4654 [0x033c45e0+0x74]
J 5037 C1 org.gradle.api.internal.file.copy.DeleteActionImpl.doDelete(Ljava/io/File;)V (71 bytes) @ 0x033c4654 [0x033c45e0+0x74]
J 5037 C1 org.gradle.api.internal.file.copy.DeleteActionImpl.doDelete(Ljava/io/File;)V (71 bytes) @ 0x033c4654 [0x033c45e0+0x74]
J 5037 C1 org.gradle.api.internal.file.copy.DeleteActionImpl.doDelete(Ljava/io/File;)V (71 bytes) @ 0x033c4654 [0x033c45e0+0x74]
J 5037 C1 org.gradle.api.internal.file.copy.DeleteActionImpl.doDelete(Ljava/io/File;)V (71 bytes) @ 0x033c4654 [0x033c45e0+0x74]
J 5037 C1 org.gradle.api.internal.file.copy.DeleteActionImpl.doDelete(Ljava/io/File;)V (71 bytes) @ 0x033c4654 [0x033c45e0+0x74]
j  org.gradle.api.internal.file.copy.DeleteActionImpl.delete([Ljava/lang/Object;)Z+66
j  org.gradle.api.internal.file.DefaultFileOperations.delete([Ljava/lang/Object;)Z+5
j  org.gradle.api.internal.project.AbstractProject.delete([Ljava/lang/Object;)Z+5
j  org.gradle.api.tasks.Delete.clean()V+16
v  ~StubRoutines::call_stub
J 2623  sun.reflect.NativeMethodAccessorImpl.invoke0(Ljava/lang/reflect/Method;Ljava/lang/Object;[Ljava/lang/Object;)Ljava/lang/Object; (0 bytes) @ 0x0363639d [0x03636320+0x7d]
J 2622 C1 sun.reflect.NativeMethodAccessorImpl.invoke(Ljava/lang/Object;[Ljava/lang/Object;)Ljava/lang/Object; (104 bytes) @ 0x036368d0 [0x03636640+0x290]
J 331 C1 sun.reflect.DelegatingMethodAccessorImpl.invoke(Ljava/lang/Object;[Ljava/lang/Object;)Ljava/lang/Object; (10 bytes) @ 0x0322fac0 [0x0322fa90+0x30]
J 330 C1 java.lang.reflect.Method.invoke(Ljava/lang/Object;[Ljava/lang/Object;)Ljava/lang/Object; (62 bytes) @ 0x0322f7fc [0x0322f740+0xbc]
J 4693 C1 org.gradle.internal.reflect.JavaMethod.invoke(Ljava/lang/Object;[Ljava/lang/Object;)Ljava/lang/Object; (74 bytes) @ 0x03865520 [0x038654e0+0x40]
j  org.gradle.api.internal.project.taskfactory.AnnotationProcessingTaskFactory$StandardTaskAction.doExecute(Lorg/gradle/api/Task;Ljava/lang/String;)V+17
j  org.gradle.api.internal.project.taskfactory.AnnotationProcessingTaskFactory$StandardTaskAction.execute(Lorg/gradle/api/Task;)V+32
j  org.gradle.api.internal.project.taskfactory.AnnotationProcessingTaskFactory$StandardTaskAction.execute(Ljava/lang/Object;)V+5
j  org.gradle.api.internal.AbstractTask$TaskActionWrapper.execute(Lorg/gradle/api/Task;)V+28
j  org.gradle.api.internal.AbstractTask$TaskActionWrapper.execute(Ljava/lang/Object;)V+5
j  org.gradle.api.internal.tasks.execution.ExecuteActionsTaskExecuter.executeAction(Lorg/gradle/api/internal/TaskInternal;Lorg/gradle/api/internal/tasks/ContextAwareTaskAction;Lorg/gradle/api/internal/tasks/TaskExecutionContext;)V+9
j  org.gradle.api.internal.tasks.execution.ExecuteActionsTaskExecuter.executeActions(Lorg/gradle/api/internal/TaskInternal;Lorg/gradle/api/internal/tasks/TaskStateInternal;Lorg/gradle/api/internal/tasks/TaskExecutionContext;)Lorg/gradle/api/GradleException;+79
j  org.gradle.api.internal.tasks.execution.ExecuteActionsTaskExecuter.execute(Lorg/gradle/api/internal/TaskInternal;Lorg/gradle/api/internal/tasks/TaskStateInternal;Lorg/gradle/api/internal/tasks/TaskExecutionContext;)V+19
j  org.gradle.api.internal.tasks.execution.PostExecutionAnalysisTaskExecuter.execute(Lorg/gradle/api/internal/TaskInternal;Lorg/gradle/api/internal/tasks/TaskStateInternal;Lorg/gradle/api/internal/tasks/TaskExecutionContext;)V+7
j  org.gradle.api.internal.tasks.execution.SkipUpToDateTaskExecuter.execute(Lorg/gradle/api/internal/TaskInternal;Lorg/gradle/api/internal/tasks/TaskStateInternal;Lorg/gradle/api/internal/tasks/TaskExecutionContext;)V+133
j  org.gradle.api.internal.tasks.execution.ValidatingTaskExecuter.execute(Lorg/gradle/api/internal/TaskInternal;Lorg/gradle/api/internal/tasks/TaskStateInternal;Lorg/gradle/api/internal/tasks/TaskExecutionContext;)V+215
j  org.gradle.api.internal.tasks.execution.SkipEmptySourceFilesTaskExecuter.execute(Lorg/gradle/api/internal/TaskInternal;Lorg/gradle/api/internal/tasks/TaskStateInternal;Lorg/gradle/api/internal/tasks/TaskExecutionContext;)V+111
j  org.gradle.api.internal.tasks.execution.SkipTaskWithNoActionsExecuter.execute(Lorg/gradle/api/internal/TaskInternal;Lorg/gradle/api/internal/tasks/TaskStateInternal;Lorg/gradle/api/internal/tasks/TaskExecutionContext;)V+110
j  org.gradle.api.internal.tasks.execution.SkipOnlyIfTaskExecuter.execute(Lorg/gradle/api/internal/TaskInternal;Lorg/gradle/api/internal/tasks/TaskStateInternal;Lorg/gradle/api/internal/tasks/TaskExecutionContext;)V+84
j  org.gradle.api.internal.tasks.execution.ExecuteAtMostOnceTaskExecuter.execute(Lorg/gradle/api/internal/TaskInternal;Lorg/gradle/api/internal/tasks/TaskStateInternal;Lorg/gradle/api/internal/tasks/TaskExecutionContext;)V+26
j  org.gradle.execution.taskgraph.DefaultTaskGraphExecuter$EventFiringTaskWorker.execute(Lorg/gradle/api/internal/TaskInternal;)V+106
j  org.gradle.execution.taskgraph.DefaultTaskGraphExecuter$EventFiringTaskWorker.execute(Ljava/lang/Object;)V+5
j  org.gradle.execution.taskgraph.AbstractTaskPlanExecutor$TaskExecutorWorker.processTask(Lorg/gradle/execution/taskgraph/TaskInfo;)V+8
j  org.gradle.execution.taskgraph.AbstractTaskPlanExecutor$TaskExecutorWorker.run()V+56
j  org.gradle.execution.taskgraph.DefaultTaskPlanExecutor.process(Lorg/gradle/execution/taskgraph/TaskExecutionPlan;Lorg/gradle/api/Action;)V+6
j  org.gradle.execution.taskgraph.DefaultTaskGraphExecuter.execute()V+65
j  org.gradle.execution.SelectedTaskExecutionAction.execute(Lorg/gradle/execution/BuildExecutionContext;)V+55
j  org.gradle.execution.DefaultBuildExecuter.execute(Lorg/gradle/api/internal/GradleInternal;I)V+37
j  org.gradle.execution.DefaultBuildExecuter.access$000(Lorg/gradle/execution/DefaultBuildExecuter;Lorg/gradle/api/internal/GradleInternal;I)V+3
j  org.gradle.execution.DefaultBuildExecuter$1.proceed()V+14
j  org.gradle.execution.DryRunBuildExecutionAction.execute(Lorg/gradle/execution/BuildExecutionContext;)V+68
j  org.gradle.execution.DefaultBuildExecuter.execute(Lorg/gradle/api/internal/GradleInternal;I)V+37
j  org.gradle.execution.DefaultBuildExecuter.execute(Lorg/gradle/api/internal/GradleInternal;)V+3
j  org.gradle.initialization.DefaultGradleLauncher$4.run()V+14
J 5108 C1 org.gradle.internal.Factories$1.create()Ljava/lang/Object; (11 bytes) @ 0x033cb5f8 [0x033cb5d0+0x28]
j  org.gradle.internal.progress.DefaultBuildOperationExecutor.run(Lorg/gradle/internal/progress/BuildOperationDetails;Lorg/gradle/internal/Factory;)Ljava/lang/Object;+171
j  org.gradle.internal.progress.DefaultBuildOperationExecutor.run(Ljava/lang/String;Ljava/lang/Runnable;)V+12
j  org.gradle.initialization.DefaultGradleLauncher.doBuildStages(Lorg/gradle/initialization/DefaultGradleLauncher$Stage;)V+85
j  org.gradle.initialization.DefaultGradleLauncher.access$200(Lorg/gradle/initialization/DefaultGradleLauncher;Lorg/gradle/initialization/DefaultGradleLauncher$Stage;)V+2
j  org.gradle.initialization.DefaultGradleLauncher$1.create()Lorg/gradle/BuildResult;+29
j  org.gradle.initialization.DefaultGradleLauncher$1.create()Ljava/lang/Object;+1
j  org.gradle.internal.progress.DefaultBuildOperationExecutor.run(Lorg/gradle/internal/progress/BuildOperationDetails;Lorg/gradle/internal/Factory;)Ljava/lang/Object;+171
j  org.gradle.internal.progress.DefaultBuildOperationExecutor.run(Ljava/lang/String;Lorg/gradle/internal/Factory;)Ljava/lang/Object;+9
j  org.gradle.initialization.DefaultGradleLauncher.doBuild(Lorg/gradle/initialization/DefaultGradleLauncher$Stage;)Lorg/gradle/BuildResult;+25
j  org.gradle.initialization.DefaultGradleLauncher.run()Lorg/gradle/BuildResult;+4
j  org.gradle.launcher.exec.InProcessBuildActionExecuter$DefaultBuildController.run()Lorg/gradle/api/internal/GradleInternal;+4
j  org.gradle.tooling.internal.provider.runner.BuildModelActionRunner.run(Lorg/gradle/internal/invocation/BuildAction;Lorg/gradle/internal/invocation/BuildController;)V+29
j  org.gradle.launcher.exec.ChainingBuildActionRunner.run(Lorg/gradle/internal/invocation/BuildAction;Lorg/gradle/internal/invocation/BuildController;)V+34
j  org.gradle.tooling.internal.provider.runner.SubscribableBuildActionRunner.run(Lorg/gradle/internal/invocation/BuildAction;Lorg/gradle/internal/invocation/BuildController;)V+37
j  org.gradle.launcher.exec.ChainingBuildActionRunner.run(Lorg/gradle/internal/invocation/BuildAction;Lorg/gradle/internal/invocation/BuildController;)V+34
j  org.gradle.launcher.exec.InProcessBuildActionExecuter.execute(Lorg/gradle/internal/invocation/BuildAction;Lorg/gradle/initialization/BuildRequestContext;Lorg/gradle/launcher/exec/BuildActionParameters;Lorg/gradle/internal/service/ServiceRegistry;)Ljava/lang/Object;+63
j  org.gradle.launcher.exec.InProcessBuildActionExecuter.execute(Lorg/gradle/internal/invocation/BuildAction;Lorg/gradle/initialization/BuildRequestContext;Ljava/lang/Object;Lorg/gradle/internal/service/ServiceRegistry;)Ljava/lang/Object;+9
j  org.gradle.launcher.exec.ContinuousBuildActionExecuter.execute(Lorg/gradle/internal/invocation/BuildAction;Lorg/gradle/initialization/BuildRequestContext;Lorg/gradle/launcher/exec/BuildActionParameters;Lorg/gradle/internal/service/ServiceRegistry;)Ljava/lang/Object;+70
j  org.gradle.launcher.exec.ContinuousBuildActionExecuter.execute(Lorg/gradle/internal/invocation/BuildAction;Lorg/gradle/initialization/BuildRequestContext;Ljava/lang/Object;Lorg/gradle/internal/service/ServiceRegistry;)Ljava/lang/Object;+9
j  org.gradle.launcher.daemon.server.exec.ExecuteBuild.doBuild(Lorg/gradle/launcher/daemon/server/api/DaemonCommandExecution;Lorg/gradle/launcher/daemon/protocol/Build;)V+74
j  org.gradle.launcher.daemon.server.exec.BuildCommandOnly.execute(Lorg/gradle/launcher/daemon/server/api/DaemonCommandExecution;)V+49
j  org.gradle.launcher.daemon.server.api.DaemonCommandExecution.proceed()Z+28
j  org.gradle.launcher.daemon.server.exec.WatchForDisconnection.execute(Lorg/gradle/launcher/daemon/server/api/DaemonCommandExecution;)V+19
j  org.gradle.launcher.daemon.server.api.DaemonCommandExecution.proceed()Z+28
j  org.gradle.launcher.daemon.server.exec.ResetDeprecationLogger.execute(Lorg/gradle/launcher/daemon/server/api/DaemonCommandExecution;)V+4
j  org.gradle.launcher.daemon.server.api.DaemonCommandExecution.proceed()Z+28
j  org.gradle.launcher.daemon.server.exec.RequestStopIfSingleUsedDaemon.execute(Lorg/gradle/launcher/daemon/server/api/DaemonCommandExecution;)V+31
j  org.gradle.launcher.daemon.server.api.DaemonCommandExecution.proceed()Z+28
j  org.gradle.launcher.daemon.server.exec.ForwardClientInput$2.call()Ljava/lang/Void;+4
j  org.gradle.launcher.daemon.server.exec.ForwardClientInput$2.call()Ljava/lang/Object;+1
j  org.gradle.util.Swapper.swap(Ljava/lang/Object;Ljava/util/concurrent/Callable;)Ljava/lang/Object;+21
j  org.gradle.launcher.daemon.server.exec.ForwardClientInput.execute(Lorg/gradle/launcher/daemon/server/api/DaemonCommandExecution;)V+63
j  org.gradle.launcher.daemon.server.api.DaemonCommandExecution.proceed()Z+28
j  org.gradle.launcher.daemon.server.health.DaemonHealthTracker.execute(Lorg/gradle/launcher/daemon/server/api/DaemonCommandExecution;)V+35
j  org.gradle.launcher.daemon.server.api.DaemonCommandExecution.proceed()Z+28
j  org.gradle.launcher.daemon.server.exec.LogToClient.doBuild(Lorg/gradle/launcher/daemon/server/api/DaemonCommandExecution;Lorg/gradle/launcher/daemon/protocol/Build;)V+97
j  org.gradle.launcher.daemon.server.exec.BuildCommandOnly.execute(Lorg/gradle/launcher/daemon/server/api/DaemonCommandExecution;)V+49
j  org.gradle.launcher.daemon.server.api.DaemonCommandExecution.proceed()Z+28
j  org.gradle.launcher.daemon.server.exec.EstablishBuildEnvironment.doBuild(Lorg/gradle/launcher/daemon/server/api/DaemonCommandExecution;Lorg/gradle/launcher/daemon/protocol/Build;)V+279
j  org.gradle.launcher.daemon.server.exec.BuildCommandOnly.execute(Lorg/gradle/launcher/daemon/server/api/DaemonCommandExecution;)V+49
j  org.gradle.launcher.daemon.server.api.DaemonCommandExecution.proceed()Z+28
j  org.gradle.launcher.daemon.server.health.HintGCAfterBuild.execute(Lorg/gradle/launcher/daemon/server/api/DaemonCommandExecution;)V+1
j  org.gradle.launcher.daemon.server.api.DaemonCommandExecution.proceed()Z+28
j  org.gradle.launcher.daemon.server.exec.StartBuildOrRespondWithBusy$1.run()V+44
j  org.gradle.launcher.daemon.server.DaemonStateCoordinator$1.run()V+4
j  org.gradle.internal.concurrent.ExecutorPolicy$CatchAndRecordFailures.onExecute(Ljava/lang/Runnable;)V+1
j  org.gradle.internal.concurrent.StoppableExecutorImpl$1.run()V+25
j  java.util.concurrent.ThreadPoolExecutor.runWorker(Ljava/util/concurrent/ThreadPoolExecutor$Worker;)V+95
j  java.util.concurrent.ThreadPoolExecutor$Worker.run()V+5
j  java.lang.Thread.run()V+11
v  ~StubRoutines::call_stub

---------------  P R O C E S S  ---------------

Java Threads: ( => current thread )
  0x483bf000 JavaThread "Stdin handler" [_thread_blocked, id=2768, stack(0x474a0000,0x474f0000)]
  0x483bdc00 JavaThread "Cancel handler" [_thread_blocked, id=1500, stack(0x47380000,0x473d0000)]
  0x483be800 JavaThread "Handler for socket connection from /127.0.0.1:16061 to /127.0.0.1:17427" [_thread_in_native, id=5380, stack(0x471f0000,0x47240000)]
=>0x483be400 JavaThread "Daemon worker Thread 3" [_thread_in_native, id=2140, stack(0x47410000,0x47460000)]
  0x483bd400 JavaThread "Daemon Thread 3" [_thread_blocked, id=12360, stack(0x47160000,0x471b0000)]
  0x46a54000 JavaThread "File lock request listener" [_thread_in_native, id=10420, stack(0x48900000,0x48950000)]
  0x4674e400 JavaThread "Incoming local TCP Connector on port 16061" [_thread_in_native, id=2240, stack(0x46d00000,0x46d50000)]
  0x45a55000 JavaThread "Service Thread" daemon [_thread_blocked, id=7720, stack(0x45dc0000,0x45e10000)]
  0x45a2a800 JavaThread "C1 CompilerThread0" daemon [_thread_blocked, id=9336, stack(0x45d30000,0x45d80000)]
  0x45a29400 JavaThread "Attach Listener" daemon [_thread_blocked, id=1732, stack(0x45ca0000,0x45cf0000)]
  0x45a27800 JavaThread "Signal Dispatcher" daemon [_thread_blocked, id=6644, stack(0x45c10000,0x45c60000)]
  0x459d9400 JavaThread "Finalizer" daemon [_thread_blocked, id=3664, stack(0x05160000,0x051b0000)]
  0x459d4400 JavaThread "Reference Handler" daemon [_thread_blocked, id=8400, stack(0x05110000,0x05160000)]
  0x0146d400 JavaThread "main" [_thread_blocked, id=5332, stack(0x01210000,0x01260000)]

Other Threads:
  0x02dde800 VMThread [stack: 0x013d0000,0x01420000] [id=8948]
  0x45ab0400 WatcherThread [stack: 0x45e50000,0x45ea0000] [id=4104]

VM state:not at safepoint (normal execution)

VM Mutex/Monitor currently owned by a thread: None

Heap:
 def new generation   total 37120K, used 33724K [0x05200000, 0x07a40000, 0x1a750000)
  eden space 33024K,  97% used [0x05200000, 0x07195ca8, 0x07240000)
  from space 4096K,  33% used [0x07240000, 0x07399568, 0x07640000)
  to   space 4096K,   0% used [0x07640000, 0x07640000, 0x07a40000)
 tenured generation   total 82352K, used 55423K [0x1a750000, 0x1f7bc000, 0x45200000)
   the space 82352K,  67% used [0x1a750000, 0x1dd6ffa0, 0x1dd70000, 0x1f7bc000)
 Metaspace       used 34940K, capacity 35873K, committed 36224K, reserved 36224K

Card table byte_map: [0x45200000,0x45410000] byte_map_base: 0x451d7000

Polling page: 0x01260000

CodeCache: size=32768Kb used=10152Kb max_used=10152Kb free=22615Kb
 bounds [0x03110000, 0x03b08000, 0x05110000]
 total_blobs=5888 nmethods=5436 adapters=381
 compilation: enabled

Compilation events (10 events):
Event: 667.815 Thread 0x45a2a800 7568             org.gradle.model.internal.registry.ModelGraph::flush (145 bytes)
Event: 667.815 Thread 0x45a2a800 nmethod 7568 0x03b05188 code [0x03b05380, 0x03b057d4]
Event: 667.815 Thread 0x45a2a800 7569             java.util.ArrayList::toArray (12 bytes)
Event: 667.815 Thread 0x45a2a800 nmethod 7569 0x03b05d88 code [0x03b05e90, 0x03b05f3c]
Event: 667.818 Thread 0x45a2a800 7570             org.gradle.model.internal.core.AbstractModelAction::getInputs (5 bytes)
Event: 667.818 Thread 0x45a2a800 nmethod 7570 0x03b05fc8 code [0x03b060c0, 0x03b06140]
Event: 667.818 Thread 0x45a2a800 7571             com.google.common.collect.ImmutableList::of (9 bytes)
Event: 667.818 Thread 0x45a2a800 nmethod 7571 0x03b06188 code [0x03b06290, 0x03b063bc]
Event: 667.819 Thread 0x45a2a800 7572             org.gradle.model.internal.core.AddProjectionsAction::execute (42 bytes)
Event: 667.819 Thread 0x45a2a800 nmethod 7572 0x03b06488 code [0x03b065c0, 0x03b06740]

GC Heap History (10 events):
Event: 640.468 GC heap before
{Heap before GC invocations=159 (full 8):
 def new generation   total 37120K, used 35709K [0x05200000, 0x07a40000, 0x1a750000)
  eden space 33024K,  99% used [0x05200000, 0x0723e188, 0x07240000)
  from space 4096K,  65% used [0x07640000, 0x078e1470, 0x07a40000)
  to   space 4096K,   0% used [0x07240000, 0x07240000, 0x07640000)
 tenured generation   total 82352K, used 41658K [0x1a750000, 0x1f7bc000, 0x45200000)
   the space 82352K,  50% used [0x1a750000, 0x1cffebc0, 0x1cffec00, 0x1f7bc000)
 Metaspace       used 34764K, capacity 35588K, committed 36224K, reserved 36224K
Event: 640.476 GC heap after
Heap after GC invocations=160 (full 8):
 def new generation   total 37120K, used 880K [0x05200000, 0x07a40000, 0x1a750000)
  eden space 33024K,   0% used [0x05200000, 0x05200000, 0x07240000)
  from space 4096K,  21% used [0x07240000, 0x0731c130, 0x07640000)
  to   space 4096K,   0% used [0x07640000, 0x07640000, 0x07a40000)
 tenured generation   total 82352K, used 43509K [0x1a750000, 0x1f7bc000, 0x45200000)
   the space 82352K,  52% used [0x1a750000, 0x1d1cd6b0, 0x1d1cd800, 0x1f7bc000)
 Metaspace       used 34764K, capacity 35588K, committed 36224K, reserved 36224K
}
Event: 641.286 GC heap before
{Heap before GC invocations=160 (full 8):
 def new generation   total 37120K, used 33904K [0x05200000, 0x07a40000, 0x1a750000)
  eden space 33024K, 100% used [0x05200000, 0x07240000, 0x07240000)
  from space 4096K,  21% used [0x07240000, 0x0731c130, 0x07640000)
  to   space 4096K,   0% used [0x07640000, 0x07640000, 0x07a40000)
 tenured generation   total 82352K, used 43509K [0x1a750000, 0x1f7bc000, 0x45200000)
   the space 82352K,  52% used [0x1a750000, 0x1d1cd6b0, 0x1d1cd800, 0x1f7bc000)
 Metaspace       used 34789K, capacity 35641K, committed 36224K, reserved 36224K
Event: 641.292 GC heap after
Heap after GC invocations=161 (full 8):
 def new generation   total 37120K, used 987K [0x05200000, 0x07a40000, 0x1a750000)
  eden space 33024K,   0% used [0x05200000, 0x05200000, 0x07240000)
  from space 4096K,  24% used [0x07640000, 0x07736db0, 0x07a40000)
  to   space 4096K,   0% used [0x07240000, 0x07240000, 0x07640000)
 tenured generation   total 82352K, used 43509K [0x1a750000, 0x1f7bc000, 0x45200000)
   the space 82352K,  52% used [0x1a750000, 0x1d1cd6b0, 0x1d1cd800, 0x1f7bc000)
 Metaspace       used 34789K, capacity 35641K, committed 36224K, reserved 36224K
}
Event: 641.537 GC heap before
{Heap before GC invocations=161 (full 8):
 def new generation   total 37120K, used 34011K [0x05200000, 0x07a40000, 0x1a750000)
  eden space 33024K, 100% used [0x05200000, 0x07240000, 0x07240000)
  from space 4096K,  24% used [0x07640000, 0x07736db0, 0x07a40000)
  to   space 4096K,   0% used [0x07240000, 0x07240000, 0x07640000)
 tenured generation   total 82352K, used 43509K [0x1a750000, 0x1f7bc000, 0x45200000)
   the space 82352K,  52% used [0x1a750000, 0x1d1cd6b0, 0x1d1cd800, 0x1f7bc000)
 Metaspace       used 34789K, capacity 35641K, committed 36224K, reserved 36224K
Event: 641.568 GC heap after
Heap after GC invocations=162 (full 8):
 def new generation   total 37120K, used 4096K [0x05200000, 0x07a40000, 0x1a750000)
  eden space 33024K,   0% used [0x05200000, 0x05200000, 0x07240000)
  from space 4096K, 100% used [0x07240000, 0x07640000, 0x07640000)
  to   space 4096K,   0% used [0x07640000, 0x07640000, 0x07a40000)
 tenured generation   total 82352K, used 50282K [0x1a750000, 0x1f7bc000, 0x45200000)
   the space 82352K,  61% used [0x1a750000, 0x1d86a990, 0x1d86aa00, 0x1f7bc000)
 Metaspace       used 34789K, capacity 35641K, committed 36224K, reserved 36224K
}
Event: 667.198 GC heap before
{Heap before GC invocations=162 (full 8):
 def new generation   total 37120K, used 37120K [0x05200000, 0x07a40000, 0x1a750000)
  eden space 33024K, 100% used [0x05200000, 0x07240000, 0x07240000)
  from space 4096K, 100% used [0x07240000, 0x07640000, 0x07640000)
  to   space 4096K,   0% used [0x07640000, 0x07640000, 0x07a40000)
 tenured generation   total 82352K, used 50282K [0x1a750000, 0x1f7bc000, 0x45200000)
   the space 82352K,  61% used [0x1a750000, 0x1d86a990, 0x1d86aa00, 0x1f7bc000)
 Metaspace       used 34881K, capacity 35756K, committed 36224K, reserved 36224K
Event: 667.221 GC heap after
Heap after GC invocations=163 (full 8):
 def new generation   total 37120K, used 2117K [0x05200000, 0x07a40000, 0x1a750000)
  eden space 33024K,   0% used [0x05200000, 0x05200000, 0x07240000)
  from space 4096K,  51% used [0x07640000, 0x07851720, 0x07a40000)
  to   space 4096K,   0% used [0x07240000, 0x07240000, 0x07640000)
 tenured generation   total 82352K, used 53722K [0x1a750000, 0x1f7bc000, 0x45200000)
   the space 82352K,  65% used [0x1a750000, 0x1dbc6ab0, 0x1dbc6c00, 0x1f7bc000)
 Metaspace       used 34881K, capacity 35756K, committed 36224K, reserved 36224K
}
Event: 667.508 GC heap before
{Heap before GC invocations=163 (full 8):
 def new generation   total 37120K, used 35141K [0x05200000, 0x07a40000, 0x1a750000)
  eden space 33024K, 100% used [0x05200000, 0x07240000, 0x07240000)
  from space 4096K,  51% used [0x07640000, 0x07851720, 0x07a40000)
  to   space 4096K,   0% used [0x07240000, 0x07240000, 0x07640000)
 tenured generation   total 82352K, used 53722K [0x1a750000, 0x1f7bc000, 0x45200000)
   the space 82352K,  65% used [0x1a750000, 0x1dbc6ab0, 0x1dbc6c00, 0x1f7bc000)
 Metaspace       used 34918K, capacity 35838K, committed 36224K, reserved 36224K
Event: 667.519 GC heap after
Heap after GC invocations=164 (full 8):
 def new generation   total 37120K, used 1381K [0x05200000, 0x07a40000, 0x1a750000)
  eden space 33024K,   0% used [0x05200000, 0x05200000, 0x07240000)
  from space 4096K,  33% used [0x07240000, 0x07399568, 0x07640000)
  to   space 4096K,   0% used [0x07640000, 0x07640000, 0x07a40000)
 tenured generation   total 82352K, used 55423K [0x1a750000, 0x1f7bc000, 0x45200000)
   the space 82352K,  67% used [0x1a750000, 0x1dd6ffa0, 0x1dd70000, 0x1f7bc000)
 Metaspace       used 34918K, capacity 35838K, committed 36224K, reserved 36224K
}

Deoptimization events (0 events):
No events

Internal exceptions (10 events):
Event: 667.791 Thread 0x483be400 Exception <a 'java/lang/ArrayIndexOutOfBoundsException'> (0x06d26358) thrown at [D:\re\workspace\8-2-build-windows-i586-cygwin\jdk8u73\6086\hotspot\src\share\vm\runtime\sharedRuntime.cpp, line 605]
Event: 667.792 Thread 0x483be400 Exception <a 'java/lang/ArrayIndexOutOfBoundsException'> (0x06d45c18) thrown at [D:\re\workspace\8-2-build-windows-i586-cygwin\jdk8u73\6086\hotspot\src\share\vm\runtime\sharedRuntime.cpp, line 605]
Event: 667.792 Thread 0x483be400 Exception <a 'java/lang/ArrayIndexOutOfBoundsException'> (0x06d473d0) thrown at [D:\re\workspace\8-2-build-windows-i586-cygwin\jdk8u73\6086\hotspot\src\share\vm\runtime\sharedRuntime.cpp, line 605]
Event: 667.792 Thread 0x483be400 Exception <a 'java/lang/ArrayIndexOutOfBoundsException'> (0x06d48860) thrown at [D:\re\workspace\8-2-build-windows-i586-cygwin\jdk8u73\6086\hotspot\src\share\vm\runtime\sharedRuntime.cpp, line 605]
Event: 667.793 Thread 0x483be400 Exception <a 'java/lang/ArrayIndexOutOfBoundsException'> (0x06d56750) thrown at [D:\re\workspace\8-2-build-windows-i586-cygwin\jdk8u73\6086\hotspot\src\share\vm\runtime\sharedRuntime.cpp, line 605]
Event: 667.793 Thread 0x483be400 Exception <a 'java/lang/ArrayIndexOutOfBoundsException'> (0x06d61e30) thrown at [D:\re\workspace\8-2-build-windows-i586-cygwin\jdk8u73\6086\hotspot\src\share\vm\runtime\sharedRuntime.cpp, line 605]
Event: 667.794 Thread 0x483be400 Exception <a 'java/lang/ArrayIndexOutOfBoundsException'> (0x06d69ac8) thrown at [D:\re\workspace\8-2-build-windows-i586-cygwin\jdk8u73\6086\hotspot\src\share\vm\runtime\sharedRuntime.cpp, line 605]
Event: 667.797 Thread 0x483be400 Exception <a 'java/lang/ArrayIndexOutOfBoundsException'> (0x06dfca48) thrown at [D:\re\workspace\8-2-build-windows-i586-cygwin\jdk8u73\6086\hotspot\src\share\vm\runtime\sharedRuntime.cpp, line 605]
Event: 667.820 Thread 0x483be400 Exception <a 'java/lang/ArrayIndexOutOfBoundsException'> (0x070c3190) thrown at [D:\re\workspace\8-2-build-windows-i586-cygwin\jdk8u73\6086\hotspot\src\share\vm\runtime\sharedRuntime.cpp, line 605]
Event: 667.820 Thread 0x483be400 Exception <a 'java/lang/ArrayIndexOutOfBoundsException'> (0x070c4770) thrown at [D:\re\workspace\8-2-build-windows-i586-cygwin\jdk8u73\6086\hotspot\src\share\vm\runtime\sharedRuntime.cpp, line 605]

Events (10 events):
Event: 667.523 Thread 0x45a2a800 flushing nmethod 0x035cf548
Event: 667.523 Thread 0x45a2a800 flushing nmethod 0x035cf8c8
Event: 667.523 Thread 0x45a2a800 flushing nmethod 0x035cfbc8
Event: 667.523 Thread 0x45a2a800 flushing nmethod 0x035cff48
Event: 667.523 Thread 0x45a2a800 flushing nmethod 0x035d03c8
Event: 667.523 Thread 0x45a2a800 flushing nmethod 0x035d1f88
Event: 667.523 Thread 0x45a2a800 flushing nmethod 0x035d2148
Event: 667.523 Thread 0x45a2a800 flushing nmethod 0x035d2408
Event: 667.523 Thread 0x45a2a800 flushing nmethod 0x035d2a88
Event: 667.523 Thread 0x45a2a800 flushing nmethod 0x035d31c8


Dynamic libraries:
0x01350000 - 0x01383000 	C:\Program Files (x86)\Java\jdk1.8.0_73\bin\java.exe
0x77be0000 - 0x77d4e000 	C:\Windows\SYSTEM32\ntdll.dll
0x778a0000 - 0x779e0000 	C:\Windows\SYSTEM32\KERNEL32.DLL
0x77180000 - 0x77257000 	C:\Windows\SYSTEM32\KERNELBASE.dll
0x748d0000 - 0x74970000 	C:\Windows\system32\apphelp.dll
0x68550000 - 0x687b5000 	C:\Windows\AppPatch\AcGenral.DLL
0x77430000 - 0x774f3000 	C:\Windows\SYSTEM32\msvcrt.dll
0x757d0000 - 0x75811000 	C:\Windows\SYSTEM32\sechost.dll
0x753e0000 - 0x753fe000 	C:\Windows\SYSTEM32\SspiCli.dll
0x76bf0000 - 0x76c35000 	C:\Windows\SYSTEM32\SHLWAPI.dll
0x74140000 - 0x7422d000 	C:\Windows\SYSTEM32\UxTheme.dll
0x77740000 - 0x77893000 	C:\Windows\SYSTEM32\USER32.dll
0x77070000 - 0x7717e000 	C:\Windows\SYSTEM32\GDI32.dll
0x74260000 - 0x74283000 	C:\Windows\SYSTEM32\WINMM.dll
0x69360000 - 0x69373000 	C:\Windows\SYSTEM32\samcli.dll
0x76c40000 - 0x76d68000 	C:\Windows\SYSTEM32\ole32.dll
0x756d0000 - 0x75765000 	C:\Windows\SYSTEM32\OLEAUT32.dll
0x70fb0000 - 0x70fc7000 	C:\Windows\SYSTEM32\MSACM32.dll
0x75350000 - 0x75358000 	C:\Windows\SYSTEM32\VERSION.dll
0x758f0000 - 0x76b9c000 	C:\Windows\SYSTEM32\SHELL32.dll
0x751f0000 - 0x7520b000 	C:\Windows\SYSTEM32\USERENV.dll
0x73da0000 - 0x73dba000 	C:\Windows\SYSTEM32\dwmapi.dll
0x732a0000 - 0x733ea000 	C:\Windows\SYSTEM32\urlmon.dll
0x75400000 - 0x7547c000 	C:\Windows\SYSTEM32\ADVAPI32.dll
0x73ae0000 - 0x73b45000 	C:\Windows\SYSTEM32\WINSPOOL.DRV
0x73d50000 - 0x73d66000 	C:\Windows\SYSTEM32\MPR.dll
0x75480000 - 0x7553a000 	C:\Windows\SYSTEM32\RPCRT4.dll
0x753d0000 - 0x753da000 	C:\Windows\SYSTEM32\CRYPTBASE.dll
0x76ef0000 - 0x7706d000 	C:\Windows\SYSTEM32\combase.dll
0x74230000 - 0x74253000 	C:\Windows\SYSTEM32\WINMMBASE.dll
0x751e0000 - 0x751ef000 	C:\Windows\SYSTEM32\profapi.dll
0x74b00000 - 0x74d32000 	C:\Windows\SYSTEM32\iertutil.dll
0x74e60000 - 0x75035000 	C:\Windows\SYSTEM32\WININET.dll
0x75370000 - 0x753c4000 	C:\Windows\SYSTEM32\bcryptPrimitives.dll
0x77a60000 - 0x77a9c000 	C:\Windows\SYSTEM32\cfgmgr32.dll
0x74290000 - 0x742b1000 	C:\Windows\SYSTEM32\DEVOBJ.dll
0x74a70000 - 0x74afb000 	C:\Windows\SYSTEM32\SHCORE.DLL
0x77aa0000 - 0x77ac7000 	C:\Windows\system32\IMM32.DLL
0x77620000 - 0x77733000 	C:\Windows\SYSTEM32\MSCTF.dll
0x73630000 - 0x73836000 	C:\Windows\WinSxS\x86_microsoft.windows.common-controls_6595b64144ccf1df_6.0.9600.17415_none_a9ed7f470139b3c1\COMCTL32.dll
0x689f0000 - 0x68aaf000 	C:\Program Files (x86)\Java\jdk1.8.0_73\jre\bin\msvcr100.dll
0x68180000 - 0x68548000 	C:\Program Files (x86)\Java\jdk1.8.0_73\jre\bin\client\jvm.dll
0x72ce0000 - 0x72ce8000 	C:\Windows\SYSTEM32\WSOCK32.dll
0x76d70000 - 0x76d76000 	C:\Windows\SYSTEM32\PSAPI.DLL
0x76ba0000 - 0x76bf0000 	C:\Windows\SYSTEM32\WS2_32.dll
0x75840000 - 0x75847000 	C:\Windows\SYSTEM32\NSI.dll
0x70fa0000 - 0x70fac000 	C:\Program Files (x86)\Java\jdk1.8.0_73\jre\bin\verify.dll
0x68b20000 - 0x68b41000 	C:\Program Files (x86)\Java\jdk1.8.0_73\jre\bin\java.dll
0x68b00000 - 0x68b13000 	C:\Program Files (x86)\Java\jdk1.8.0_73\jre\bin\zip.dll
0x689d0000 - 0x689e6000 	C:\Program Files (x86)\Java\jdk1.8.0_73\jre\bin\net.dll
0x745a0000 - 0x745eb000 	C:\Windows\system32\mswsock.dll
0x68af0000 - 0x68aff000 	C:\Program Files (x86)\Java\jdk1.8.0_73\jre\bin\nio.dll
0x689c0000 - 0x689ce000 	C:\Users\asus\.gradle\native\19\windows-i386\native-platform.dll
0x750e0000 - 0x75100000 	C:\Windows\SYSTEM32\IPHLPAPI.DLL
0x74d70000 - 0x74d78000 	C:\Windows\SYSTEM32\WINNSI.DLL
0x73d80000 - 0x73d93000 	C:\Windows\SYSTEM32\dhcpcsvc6.DLL
0x747f0000 - 0x74804000 	C:\Windows\SYSTEM32\dhcpcsvc.DLL
0x744e0000 - 0x744f9000 	C:\Windows\SYSTEM32\CRYPTSP.dll
0x744b0000 - 0x744e0000 	C:\Windows\system32\rsaenh.dll
0x74490000 - 0x744ae000 	C:\Windows\SYSTEM32\bcrypt.dll
0x689b0000 - 0x689ba000 	C:\Program Files (x86)\Java\jdk1.8.0_73\jre\bin\management.dll
0x742c0000 - 0x74401000 	C:\Windows\SYSTEM32\dbghelp.dll

VM Arguments:
jvm_args: -XX:MaxPermSize=256m -XX:+HeapDumpOnOutOfMemoryError -Xmx1024m -Dfile.encoding=GBK -Duser.country=CN -Duser.language=zh -Duser.variant 
java_command: org.gradle.launcher.daemon.bootstrap.GradleDaemon 2.10
java_class_path (initial): D:\software\install\androidstudio2.1\gradle\gradle-2.10\lib\gradle-launcher-2.10.jar
Launcher Type: SUN_STANDARD

Environment Variables:
JAVA_HOME=C:\Program Files\Java\jdk1.8.0_77
CLASSPATH=.;C:\Program Files\Java\jdk1.8.0_77\lib\dt.jar;C:\Program Files\Java\jdk1.8.0_77\lib\tools.jar;
PATH=C:\ProgramData\Oracle\Java\javapath;C:\Program Files (x86)\Intel\iCLS Client\;C:\Program Files\Intel\iCLS Client\;C:\Windows\system32;C:\Windows;C:\Windows\System32\Wbem;C:\Windows\System32\WindowsPowerShell\v1.0\;C:\Program Files\Intel\Intel(R) Management Engine Components\DAL;C:\Program Files (x86)\Intel\Intel(R) Management Engine Components\DAL;C:\Program Files\Intel\Intel(R) Management Engine Components\IPT;C:\Program Files (x86)\Intel\Intel(R) Management Engine Components\IPT;C:\Program Files (x86)\ATI Technologies\ATI.ACE\Core-Static;C:\Program Files\Java\jdk1.8.0_77\bin;C:\Program Files\Java\jdk1.8.0_77\jre\bin;C:\Program Files (x86)\Windows Kits\8.1\Windows Performance Toolkit\;C:\Program Files\Microsoft SQL Server\110\Tools\Binn\;C:\Program Files (x86)\Microsoft SDKs\TypeScript\1.0\;D:\software\adt-bundle-windows-x86_64-20140321\sdk\platform-tools;D:\software\adt-bundle-windows-x86_64-20140321\sdk\tools;;D:\software\Subversion\bin;D:\software\TortoiseSVN\bin;C:\Program Files (x86)\MySQL\MySQL Fabric 1.5 & MySQL Utilities 1.5\;C:\Program Files (x86)\MySQL\MySQL Fabric 1.5 & MySQL Utilities 1.5\Doctrine extensions for PHP\;D:\software\Putty\;D:\software\3dmax\backburner\;C:\Program Files\Common Files\Autodesk Shared\;C:\Program Files\TortoiseGit\bin
USERNAME=asus
OS=Windows_NT
PROCESSOR_IDENTIFIER=Intel64 Family 6 Model 61 Stepping 4, GenuineIntel



---------------  S Y S T E M  ---------------

OS: Windows 8.1 , 64 bit Build 9600 (6.3.9600.17415)

CPU:total 4 (2 cores per cpu, 2 threads per core) family 6 model 61 stepping 4, cmov, cx8, fxsr, mmx, sse, sse2, sse3, ssse3, sse4.1, sse4.2, popcnt, avx, avx2, aes, clmul, erms, 3dnowpref, lzcnt, ht, tsc, tscinvbit, bmi1, bmi2, adx

Memory: 4k page, physical 8289208k(3022336k free), swap 10363120k(4260364k free)

vm_info: Java HotSpot(TM) Client VM (25.73-b02) for windows-x86 JRE (1.8.0_73-b02), built on Jan 29 2016 17:05:52 by "java_re" with MS VC++ 10.0 (VS2010)

time: Sun Sep 18 16:03:24 2016
elapsed time: 668 seconds (0d 0h 11m 8s)

